0 info it worked if it ends with ok
1 verbose cli [ 'node', '/usr/local/bin/npm', 'install', 'readline', '-g' ]
2 info using npm@1.2.18
3 info using node@v0.10.5
4 verbose read json /usr/local/lib/package.json
5 verbose read json /usr/local/lib/package.json
6 verbose cache add [ 'readline', null ]
7 verbose cache add name=undefined spec="readline" args=["readline",null]
8 verbose parsed url { protocol: null,
8 verbose parsed url   slashes: null,
8 verbose parsed url   auth: null,
8 verbose parsed url   host: null,
8 verbose parsed url   port: null,
8 verbose parsed url   hostname: null,
8 verbose parsed url   hash: null,
8 verbose parsed url   search: null,
8 verbose parsed url   query: null,
8 verbose parsed url   pathname: 'readline',
8 verbose parsed url   path: 'readline',
8 verbose parsed url   href: 'readline' }
9 silly lockFile 2d9e02a8-readline readline
10 verbose lock readline /Users/lawrencejones/.npm/2d9e02a8-readline.lock
11 silly lockFile 2d9e02a8-readline readline
12 silly lockFile 2d9e02a8-readline readline
13 verbose addNamed [ 'readline', '' ]
14 verbose addNamed [ null, '' ]
15 silly lockFile c1dd5758-readline readline@
16 verbose lock readline@ /Users/lawrencejones/.npm/c1dd5758-readline.lock
17 silly addNameRange { name: 'readline', range: '', hasData: false }
18 verbose url raw readline
19 verbose url resolving [ 'https://registry.npmjs.org/', './readline' ]
20 verbose url resolved https://registry.npmjs.org/readline
21 info trying registry request attempt 1 at 18:46:35
22 http GET https://registry.npmjs.org/readline
23 http 404 https://registry.npmjs.org/readline
24 silly registry.get cb [ 404,
24 silly registry.get   { server: 'CouchDB/1.3.0 (Erlang OTP/R15B03)',
24 silly registry.get     date: 'Sun, 05 May 2013 17:46:30 GMT',
24 silly registry.get     'content-type': 'application/json',
24 silly registry.get     'content-length': '52',
24 silly registry.get     'cache-control': 'must-revalidate' } ]
25 silly lockFile c1dd5758-readline readline@
26 silly lockFile c1dd5758-readline readline@
27 error 404 'readline' is not in the npm registry.
27 error 404 You should bug the author to publish it
27 error 404
27 error 404 Note that you can also install from a
27 error 404 tarball, folder, or http url, or git url.
28 error System Darwin 12.3.0
29 error command "node" "/usr/local/bin/npm" "install" "readline" "-g"
30 error cwd /Users/lawrencejones/Sites/Projects/LiveHack
31 error node -v v0.10.5
32 error npm -v 1.2.18
33 error code E404
34 verbose exit [ 1, true ]
